{"uid":"43a01b449287ef02","name":"GetFranchiseList - page_size is special characters","fullName":"GetFranchiseList - page_size is special characters","historyId":"GetFranchiseList - page_size is special characters","time":{"start":1760696099092,"stop":1760696099460,"duration":368},"status":"failed","statusMessage":"The following asserts failed:\n\tMismatch in result size expected [0] but found [1]","statusTrace":"java.lang.AssertionError: The following asserts failed:\n\tMismatch in result size expected [0] but found [1]\n\tat org.testng.asserts.SoftAssert.assertAll(SoftAssert.java:46)\n\tat org.testng.asserts.SoftAssert.assertAll(SoftAssert.java:30)\n\tat Listener.AllureLogs.executeSoftAssertAll(AllureLogs.java:182)\n\tat autochek_api_negative.UserService.UserServiceNegative.GetFranchiseList(UserServiceNegative.java:547)\n\tat java.base/jdk.internal.reflect.DirectMethodHandleAccessor.invoke(DirectMethodHandleAccessor.java:103)\n\tat java.base/java.lang.reflect.Method.invoke(Method.java:580)\n\tat org.testng.internal.invokers.MethodInvocationHelper.invokeMethod(MethodInvocationHelper.java:141)\n\tat org.testng.internal.invokers.TestInvoker.invokeMethod(TestInvoker.java:687)\n\tat org.testng.internal.invokers.TestInvoker.invokeTestMethod(TestInvoker.java:230)\n\tat org.testng.internal.invokers.MethodRunner.runInSequence(MethodRunner.java:63)\n\tat org.testng.internal.invokers.TestInvoker$MethodInvocationAgent.invoke(TestInvoker.java:995)\n\tat org.testng.internal.invokers.TestInvoker.invokeTestMethods(TestInvoker.java:203)\n\tat org.testng.internal.invokers.TestMethodWorker.invokeTestMethods(TestMethodWorker.java:154)\n\tat org.testng.internal.invokers.TestMethodWorker.run(TestMethodWorker.java:134)\n\tat java.base/java.util.ArrayList.forEach(ArrayList.java:1597)\n\tat org.testng.TestRunner.privateRun(TestRunner.java:741)\n\tat org.testng.TestRunner.run(TestRunner.java:616)\n\tat org.testng.SuiteRunner.runTest(SuiteRunner.java:421)\n\tat org.testng.SuiteRunner.runSequentially(SuiteRunner.java:413)\n\tat org.testng.SuiteRunner.privateRun(SuiteRunner.java:373)\n\tat org.testng.SuiteRunner.run(SuiteRunner.java:312)\n\tat org.testng.SuiteRunnerWorker.runSuite(SuiteRunnerWorker.java:52)\n\tat org.testng.SuiteRunnerWorker.run(SuiteRunnerWorker.java:95)\n\tat org.testng.TestNG.runSuitesSequentially(TestNG.java:1274)\n\tat org.testng.TestNG.runSuitesLocally(TestNG.java:1208)\n\tat org.testng.TestNG.runSuites(TestNG.java:1112)\n\tat org.testng.TestNG.run(TestNG.java:1079)\n\tat org.apache.maven.surefire.testng.TestNGExecutor.run(TestNGExecutor.java:308)\n\tat org.apache.maven.surefire.testng.TestNGXmlTestSuite.execute(TestNGXmlTestSuite.java:71)\n\tat org.apache.maven.surefire.testng.TestNGProvider.invoke(TestNGProvider.java:113)\n\tat org.apache.maven.surefire.booter.ForkedBooter.runSuitesInProcess(ForkedBooter.java:385)\n\tat org.apache.maven.surefire.booter.ForkedBooter.execute(ForkedBooter.java:162)\n\tat org.apache.maven.surefire.booter.ForkedBooter.run(ForkedBooter.java:507)\n\tat org.apache.maven.surefire.booter.ForkedBooter.main(ForkedBooter.java:495)\n","flaky":false,"newFailed":false,"newBroken":false,"newPassed":false,"retriesCount":0,"retriesStatusChange":false,"beforeStages":[{"name":"setUp","time":{"start":1760696087356,"stop":1760696088902,"duration":1546},"description":"","status":"passed","steps":[],"attachments":[],"parameters":[],"shouldDisplayMessage":false,"stepsCount":0,"attachmentsCount":0,"hasContent":false,"attachmentStep":false}],"testStage":{"status":"failed","statusMessage":"The following asserts failed:\n\tMismatch in result size expected [0] but found [1]","statusTrace":"java.lang.AssertionError: The following asserts failed:\n\tMismatch in result size expected [0] but found [1]\n\tat org.testng.asserts.SoftAssert.assertAll(SoftAssert.java:46)\n\tat org.testng.asserts.SoftAssert.assertAll(SoftAssert.java:30)\n\tat Listener.AllureLogs.executeSoftAssertAll(AllureLogs.java:182)\n\tat autochek_api_negative.UserService.UserServiceNegative.GetFranchiseList(UserServiceNegative.java:547)\n\tat java.base/jdk.internal.reflect.DirectMethodHandleAccessor.invoke(DirectMethodHandleAccessor.java:103)\n\tat java.base/java.lang.reflect.Method.invoke(Method.java:580)\n\tat org.testng.internal.invokers.MethodInvocationHelper.invokeMethod(MethodInvocationHelper.java:141)\n\tat org.testng.internal.invokers.TestInvoker.invokeMethod(TestInvoker.java:687)\n\tat org.testng.internal.invokers.TestInvoker.invokeTestMethod(TestInvoker.java:230)\n\tat org.testng.internal.invokers.MethodRunner.runInSequence(MethodRunner.java:63)\n\tat org.testng.internal.invokers.TestInvoker$MethodInvocationAgent.invoke(TestInvoker.java:995)\n\tat org.testng.internal.invokers.TestInvoker.invokeTestMethods(TestInvoker.java:203)\n\tat org.testng.internal.invokers.TestMethodWorker.invokeTestMethods(TestMethodWorker.java:154)\n\tat org.testng.internal.invokers.TestMethodWorker.run(TestMethodWorker.java:134)\n\tat java.base/java.util.ArrayList.forEach(ArrayList.java:1597)\n\tat org.testng.TestRunner.privateRun(TestRunner.java:741)\n\tat org.testng.TestRunner.run(TestRunner.java:616)\n\tat org.testng.SuiteRunner.runTest(SuiteRunner.java:421)\n\tat org.testng.SuiteRunner.runSequentially(SuiteRunner.java:413)\n\tat org.testng.SuiteRunner.privateRun(SuiteRunner.java:373)\n\tat org.testng.SuiteRunner.run(SuiteRunner.java:312)\n\tat org.testng.SuiteRunnerWorker.runSuite(SuiteRunnerWorker.java:52)\n\tat org.testng.SuiteRunnerWorker.run(SuiteRunnerWorker.java:95)\n\tat org.testng.TestNG.runSuitesSequentially(TestNG.java:1274)\n\tat org.testng.TestNG.runSuitesLocally(TestNG.java:1208)\n\tat org.testng.TestNG.runSuites(TestNG.java:1112)\n\tat org.testng.TestNG.run(TestNG.java:1079)\n\tat org.apache.maven.surefire.testng.TestNGExecutor.run(TestNGExecutor.java:308)\n\tat org.apache.maven.surefire.testng.TestNGXmlTestSuite.execute(TestNGXmlTestSuite.java:71)\n\tat org.apache.maven.surefire.testng.TestNGProvider.invoke(TestNGProvider.java:113)\n\tat org.apache.maven.surefire.booter.ForkedBooter.runSuitesInProcess(ForkedBooter.java:385)\n\tat org.apache.maven.surefire.booter.ForkedBooter.execute(ForkedBooter.java:162)\n\tat org.apache.maven.surefire.booter.ForkedBooter.run(ForkedBooter.java:507)\n\tat org.apache.maven.surefire.booter.ForkedBooter.main(ForkedBooter.java:495)\n","steps":[{"name":"SoftAssert: Verify result size - Expected: '0', Actual: '1'","time":{"start":1760696099459,"stop":1760696099459,"duration":0},"status":"passed","steps":[],"attachments":[],"parameters":[{"name":"softAssert","value":"org.testng.asserts.SoftAssert@26501a93"},{"name":"actual","value":"1"},{"name":"expected","value":"0"},{"name":"fieldName","value":"result size"}],"shouldDisplayMessage":false,"stepsCount":0,"attachmentsCount":0,"hasContent":true,"attachmentStep":false},{"name":"Execute all soft assertions","time":{"start":1760696099459,"stop":1760696099460,"duration":1},"status":"failed","statusMessage":"The following asserts failed:\n\tMismatch in result size expected [0] but found [1]","statusTrace":"java.lang.AssertionError: The following asserts failed:\n\tMismatch in result size expected [0] but found [1]\n\tat org.testng.asserts.SoftAssert.assertAll(SoftAssert.java:46)\n\tat org.testng.asserts.SoftAssert.assertAll(SoftAssert.java:30)\n\tat Listener.AllureLogs.executeSoftAssertAll(AllureLogs.java:182)\n\tat autochek_api_negative.UserService.UserServiceNegative.GetFranchiseList(UserServiceNegative.java:547)\n\tat java.base/jdk.internal.reflect.DirectMethodHandleAccessor.invoke(DirectMethodHandleAccessor.java:103)\n\tat java.base/java.lang.reflect.Method.invoke(Method.java:580)\n\tat org.testng.internal.invokers.MethodInvocationHelper.invokeMethod(MethodInvocationHelper.java:141)\n\tat org.testng.internal.invokers.TestInvoker.invokeMethod(TestInvoker.java:687)\n\tat org.testng.internal.invokers.TestInvoker.invokeTestMethod(TestInvoker.java:230)\n\tat org.testng.internal.invokers.MethodRunner.runInSequence(MethodRunner.java:63)\n\tat org.testng.internal.invokers.TestInvoker$MethodInvocationAgent.invoke(TestInvoker.java:995)\n\tat org.testng.internal.invokers.TestInvoker.invokeTestMethods(TestInvoker.java:203)\n\tat org.testng.internal.invokers.TestMethodWorker.invokeTestMethods(TestMethodWorker.java:154)\n\tat org.testng.internal.invokers.TestMethodWorker.run(TestMethodWorker.java:134)\n\tat java.base/java.util.ArrayList.forEach(ArrayList.java:1597)\n\tat org.testng.TestRunner.privateRun(TestRunner.java:741)\n\tat org.testng.TestRunner.run(TestRunner.java:616)\n\tat org.testng.SuiteRunner.runTest(SuiteRunner.java:421)\n\tat org.testng.SuiteRunner.runSequentially(SuiteRunner.java:413)\n\tat org.testng.SuiteRunner.privateRun(SuiteRunner.java:373)\n\tat org.testng.SuiteRunner.run(SuiteRunner.java:312)\n\tat org.testng.SuiteRunnerWorker.runSuite(SuiteRunnerWorker.java:52)\n\tat org.testng.SuiteRunnerWorker.run(SuiteRunnerWorker.java:95)\n\tat org.testng.TestNG.runSuitesSequentially(TestNG.java:1274)\n\tat org.testng.TestNG.runSuitesLocally(TestNG.java:1208)\n\tat org.testng.TestNG.runSuites(TestNG.java:1112)\n\tat org.testng.TestNG.run(TestNG.java:1079)\n\tat org.apache.maven.surefire.testng.TestNGExecutor.run(TestNGExecutor.java:308)\n\tat org.apache.maven.surefire.testng.TestNGXmlTestSuite.execute(TestNGXmlTestSuite.java:71)\n\tat org.apache.maven.surefire.testng.TestNGProvider.invoke(TestNGProvider.java:113)\n\tat org.apache.maven.surefire.booter.ForkedBooter.runSuitesInProcess(ForkedBooter.java:385)\n\tat org.apache.maven.surefire.booter.ForkedBooter.execute(ForkedBooter.java:162)\n\tat org.apache.maven.surefire.booter.ForkedBooter.run(ForkedBooter.java:507)\n\tat org.apache.maven.surefire.booter.ForkedBooter.main(ForkedBooter.java:495)\n","steps":[],"attachments":[{"uid":"a3bbdf6fe2d384e8","name":"Soft Assertion Failures","source":"a3bbdf6fe2d384e8.txt","type":"text/plain","size":81}],"parameters":[{"name":"softAssert","value":"org.testng.asserts.SoftAssert@26501a93"}],"shouldDisplayMessage":true,"stepsCount":0,"attachmentsCount":1,"hasContent":true,"attachmentStep":false}],"attachments":[{"uid":"3e29038268379da3","name":"Request Log","source":"3e29038268379da3.txt","type":"application/json","size":564},{"uid":"da17d89728e400c5","name":"Response Log","source":"da17d89728e400c5","type":"application/json","size":4029}],"parameters":[],"shouldDisplayMessage":false,"stepsCount":2,"attachmentsCount":3,"hasContent":true,"attachmentStep":false},"afterStages":[],"labels":[{"name":"package","value":"autochek_api_negative.UserService.UserServiceNegative"},{"name":"testClass","value":"autochek_api_negative.UserService.UserServiceNegative"},{"name":"testMethod","value":"GetFranchiseList"},{"name":"parentSuite","value":"API_Regression_Suite"},{"name":"suite","value":"Autochek_API_Automation"},{"name":"subSuite","value":"autochek_api_negative.UserService.UserServiceNegative"},{"name":"host","value":"runnervmzdgdc"},{"name":"thread","value":"2158@runnervmzdgdc.main(1)"},{"name":"framework","value":"testng"},{"name":"language","value":"java"},{"name":"story","value":"Get Franchise List"},{"name":"feature","value":"Negative UserService"},{"name":"epic","value":"API Automation"},{"name":"severity","value":"medium"},{"name":"resultFormat","value":"allure2"}],"parameters":[],"links":[],"hidden":false,"retry":false,"extra":{"severity":"normal","retries":[],"categories":[{"name":"Product defects","matchedStatuses":[]}],"history":{"statistic":{"failed":3,"broken":0,"skipped":0,"passed":0,"unknown":0,"total":3},"items":[{"uid":"9f6d8dc29d6c64aa","status":"failed","statusDetails":"The following asserts failed:\n\tMismatch in result size expected [0] but found [1]","time":{"start":1760695775358,"stop":1760695775751,"duration":393}},{"uid":"173d82cedbd8a4cb","status":"failed","statusDetails":"The following asserts failed:\n\tMismatch in result size expected [0] but found [1]","time":{"start":1760695420858,"stop":1760695421244,"duration":386}}]},"tags":[]},"source":"43a01b449287ef02.json","parameterValues":[]}